Total_model_load_time:  1.7720577716827393
Total People in frame = 4
Number of people in queue = {1: 1, 2: 1}
Total People in frame = 4
Number of people in queue = {1: 1, 2: 1}
Total People in frame = 5
Number of people in queue = {1: 1, 2: 1}
Total People in frame = 4
Number of people in queue = {1: 1, 2: 1}
Total People in frame = 4
Number of people in queue = {1: 1, 2: 1}
Total People in frame = 4
Number of people in queue = {1: 1, 2: 1}
Total People in frame = 4
Number of people in queue = {1: 1, 2: 1}
Total People in frame = 4
Number of people in queue = {1: 1, 2: 1}
Total People in frame = 4
Number of people in queue = {1: 1, 2: 1}
Total People in frame = 4
Number of people in queue = {1: 1, 2: 1}
Total People in frame = 4
Number of people in queue = {1: 1, 2: 1}
Total People in frame = 4
Number of people in queue = {1: 1, 2: 1}
Total People in frame = 4
Number of people in queue = {1: 1, 2: 1}
Total People in frame = 4
Number of people in queue = {1: 1, 2: 1}
Total People in frame = 4
Number of people in queue = {1: 1, 2: 1}
Total People in frame = 3
Number of people in queue = {1: 1, 2: 1}
Total People in frame = 3
Number of people in queue = {1: 1, 2: 1}
Total People in frame = 3
Number of people in queue = {1: 1, 2: 1}
Total People in frame = 3
Number of people in queue = {1: 1, 2: 1}
Total People in frame = 4
Number of people in queue = {1: 1, 2: 1}
Total People in frame = 4
Number of people in queue = {1: 1, 2: 1}
Total People in frame = 4
Number of people in queue = {1: 2, 2: 1}
Total People in frame = 5
Number of people in queue = {1: 2, 2: 1}
Total People in frame = 5
Number of people in queue = {1: 2, 2: 1}
Total People in frame = 5
Number of people in queue = {1: 2, 2: 1}
Total People in frame = 5
Number of people in queue = {1: 2, 2: 1}
Total People in frame = 4
Number of people in queue = {1: 1, 2: 1}
Total People in frame = 5
Number of people in queue = {1: 2, 2: 1}
Total People in frame = 5
Number of people in queue = {1: 2, 2: 1}
Total People in frame = 5
Number of people in queue = {1: 2, 2: 1}
Total People in frame = 5
Number of people in queue = {1: 2, 2: 1}
Total People in frame = 5
Number of people in queue = {1: 2, 2: 1}
Total People in frame = 5
Number of people in queue = {1: 2, 2: 1}
Total People in frame = 6
Number of people in queue = {1: 2, 2: 1}
Total People in frame = 6
Number of people in queue = {1: 2, 2: 1}
Total People in frame = 6
Number of people in queue = {1: 2, 2: 1}
Total People in frame = 6
Number of people in queue = {1: 2, 2: 1}
Total People in frame = 6
Number of people in queue = {1: 2, 2: 1}
Total People in frame = 6
Number of people in queue = {1: 2, 2: 1}
Total People in frame = 6
Number of people in queue = {1: 2, 2: 1}
Total People in frame = 6
Number of people in queue = {1: 2, 2: 1}
Total People in frame = 6
Number of people in queue = {1: 2, 2: 1}
Total People in frame = 6
Number of people in queue = {1: 2, 2: 1}
Total People in frame = 6
Number of people in queue = {1: 2, 2: 1}
Total People in frame = 6
Number of people in queue = {1: 2, 2: 1}
Total People in frame = 6
Number of people in queue = {1: 2, 2: 1}
Total People in frame = 5
Number of people in queue = {1: 2, 2: 1}
Total People in frame = 6
Number of people in queue = {1: 2, 2: 1}
Total People in frame = 6
Number of people in queue = {1: 2, 2: 1}
Total People in frame = 6
Number of people in queue = {1: 2, 2: 1}
Total People in frame = 5
Number of people in queue = {1: 2, 2: 1}
Total People in frame = 4
Number of people in queue = {1: 2, 2: 1}
Total People in frame = 5
Number of people in queue = {1: 2, 2: 1}
Total People in frame = 4
Number of people in queue = {1: 1, 2: 1}
Total People in frame = 4
Number of people in queue = {1: 1, 2: 1}
Total People in frame = 4
Number of people in queue = {1: 2, 2: 1}
Total People in frame = 4
Number of people in queue = {1: 2, 2: 1}
Total People in frame = 4
Number of people in queue = {1: 2, 2: 1}
Total People in frame = 4
Number of people in queue = {1: 2, 2: 1}
Total People in frame = 4
Number of people in queue = {1: 2, 2: 1}
Total People in frame = 4
Number of people in queue = {1: 2, 2: 1}
Total People in frame = 2
Number of people in queue = {1: 1, 2: 1}
Total People in frame = 3
Number of people in queue = {1: 1, 2: 1}
Total People in frame = 4
Number of people in queue = {1: 2, 2: 1}
Total People in frame = 4
Number of people in queue = {1: 2, 2: 1}
Total People in frame = 3
Number of people in queue = {1: 2, 2: 1}
Total People in frame = 4
Number of people in queue = {1: 2, 2: 1}
Total People in frame = 3
Number of people in queue = {1: 2, 2: 1}
Total People in frame = 3
Number of people in queue = {1: 2, 2: 1}
Total People in frame = 3
Number of people in queue = {1: 2, 2: 1}
Total People in frame = 3
Number of people in queue = {1: 2, 2: 1}
Total People in frame = 4
Number of people in queue = {1: 2, 2: 1}
Total People in frame = 4
Number of people in queue = {1: 2, 2: 1}
Total People in frame = 4
Number of people in queue = {1: 2, 2: 1}
Total People in frame = 4
Number of people in queue = {1: 2, 2: 1}
Total People in frame = 3
Number of people in queue = {1: 2, 2: 1}
Total People in frame = 3
Number of people in queue = {1: 2, 2: 1}
Total People in frame = 3
Number of people in queue = {1: 2, 2: 1}
Total People in frame = 3
Number of people in queue = {1: 1, 2: 1}
Total People in frame = 3
Number of people in queue = {1: 1, 2: 1}
Total People in frame = 4
Number of people in queue = {1: 1, 2: 1}
Total People in frame = 4
Number of people in queue = {1: 1, 2: 1}
Total People in frame = 3
Number of people in queue = {1: 1, 2: 1}
Total People in frame = 4
Number of people in queue = {1: 1, 2: 1}
Total People in frame = 4
Number of people in queue = {1: 1, 2: 1}
Total People in frame = 4
Number of people in queue = {1: 1, 2: 1}
Total People in frame = 4
Number of people in queue = {1: 1, 2: 1}
Total People in frame = 4
Number of people in queue = {1: 1, 2: 1}
Total People in frame = 4
Number of people in queue = {1: 1, 2: 1}
Total People in frame = 3
Number of people in queue = {1: 1, 2: 0}
Total People in frame = 3
Number of people in queue = {1: 1, 2: 0}
Total People in frame = 2
Number of people in queue = {1: 1, 2: 0}
Total People in frame = 2
Number of people in queue = {1: 1, 2: 0}
Total People in frame = 3
Number of people in queue = {1: 1, 2: 1}
Total People in frame = 2
Number of people in queue = {1: 1, 2: 0}
Total People in frame = 2
Number of people in queue = {1: 1, 2: 0}
Total People in frame = 2
Number of people in queue = {1: 1, 2: 0}
Total People in frame = 2
Number of people in queue = {1: 1, 2: 0}
Total People in frame = 2
Number of people in queue = {1: 1, 2: 0}
Total People in frame = 2
Number of people in queue = {1: 1, 2: 0}
Total People in frame = 2
Number of people in queue = {1: 1, 2: 0}
Total People in frame = 2
Number of people in queue = {1: 1, 2: 0}
Total People in frame = 2
Number of people in queue = {1: 1, 2: 0}
Total People in frame = 3
Number of people in queue = {1: 1, 2: 0}
Total People in frame = 3
Number of people in queue = {1: 1, 2: 0}
Total People in frame = 3
Number of people in queue = {1: 1, 2: 0}
Total People in frame = 2
Number of people in queue = {1: 1, 2: 0}
Total People in frame = 2
Number of people in queue = {1: 1, 2: 0}
Total People in frame = 2
Number of people in queue = {1: 1, 2: 0}
Total People in frame = 3
Number of people in queue = {1: 1, 2: 0}
Total People in frame = 3
Number of people in queue = {1: 1, 2: 1}
Total People in frame = 4
Number of people in queue = {1: 1, 2: 1}
Total People in frame = 3
Number of people in queue = {1: 1, 2: 1}
Total People in frame = 3
Number of people in queue = {1: 1, 2: 1}
Total People in frame = 3
Number of people in queue = {1: 1, 2: 1}
Total People in frame = 3
Number of people in queue = {1: 1, 2: 1}
Total People in frame = 3
Number of people in queue = {1: 1, 2: 1}
Total People in frame = 3
Number of people in queue = {1: 1, 2: 1}
Total People in frame = 3
Number of people in queue = {1: 1, 2: 1}
Total People in frame = 3
Number of people in queue = {1: 1, 2: 1}
Total People in frame = 3
Number of people in queue = {1: 1, 2: 1}
Total People in frame = 3
Number of people in queue = {1: 1, 2: 1}
Total People in frame = 3
Number of people in queue = {1: 1, 2: 1}
Total People in frame = 3
Number of people in queue = {1: 1, 2: 1}
Total People in frame = 3
Number of people in queue = {1: 1, 2: 1}
Total People in frame = 3
Number of people in queue = {1: 1, 2: 1}
Total People in frame = 3
Number of people in queue = {1: 1, 2: 1}
Total People in frame = 3
Number of people in queue = {1: 1, 2: 1}
Total People in frame = 3
Number of people in queue = {1: 1, 2: 1}
Total People in frame = 3
Number of people in queue = {1: 1, 2: 1}
Total People in frame = 3
Number of people in queue = {1: 1, 2: 1}
Total People in frame = 3
Number of people in queue = {1: 1, 2: 1}
Total People in frame = 3
Number of people in queue = {1: 1, 2: 1}
Total People in frame = 3
Number of people in queue = {1: 1, 2: 1}
Total People in frame = 3
Number of people in queue = {1: 1, 2: 1}
Total People in frame = 3
Number of people in queue = {1: 1, 2: 1}
Total People in frame = 3
Number of people in queue = {1: 1, 2: 1}
Total People in frame = 3
Number of people in queue = {1: 1, 2: 1}
Total People in frame = 4
Number of people in queue = {1: 1, 2: 1}
Total People in frame = 3
Number of people in queue = {1: 1, 2: 1}
Total People in frame = 4
Number of people in queue = {1: 1, 2: 1}
Total People in frame = 4
Number of people in queue = {1: 1, 2: 1}
Total People in frame = 4
Number of people in queue = {1: 1, 2: 1}
Total People in frame = 4
Number of people in queue = {1: 1, 2: 1}
Total People in frame = 4
Number of people in queue = {1: 1, 2: 1}
Total People in frame = 3
Number of people in queue = {1: 1, 2: 1}
Total People in frame = 3
Number of people in queue = {1: 1, 2: 1}
Total People in frame = 3
Number of people in queue = {1: 1, 2: 1}
Total People in frame = 3
Number of people in queue = {1: 1, 2: 1}
Total People in frame = 3
Number of people in queue = {1: 1, 2: 1}
Total People in frame = 4
Number of people in queue = {1: 1, 2: 1}
Total People in frame = 4
Number of people in queue = {1: 1, 2: 1}
Total People in frame = 3
Number of people in queue = {1: 1, 2: 1}
Total People in frame = 4
Number of people in queue = {1: 1, 2: 1}
Total People in frame = 4
Number of people in queue = {1: 1, 2: 1}
Total People in frame = 4
Number of people in queue = {1: 1, 2: 1}
Total People in frame = 4
Number of people in queue = {1: 1, 2: 1}
Total People in frame = 3
Number of people in queue = {1: 1, 2: 1}
Total People in frame = 2
Number of people in queue = {1: 1, 2: 1}
Total People in frame = 3
Number of people in queue = {1: 1, 2: 1}
Total People in frame = 2
Number of people in queue = {1: 1, 2: 0}
Total People in frame = 2
Number of people in queue = {1: 1, 2: 0}
Total People in frame = 2
Number of people in queue = {1: 1, 2: 0}
Total People in frame = 2
Number of people in queue = {1: 1, 2: 0}
Total People in frame = 2
Number of people in queue = {1: 1, 2: 0}
Total People in frame = 0
Number of people in queue = {1: 0, 2: 0}
results/
results/retail/
results/retail/CPU/
results/retail/CPU/stats.txt
results/retail/CPU/output_video.mp4
stderr.log
